<?xml version="1.0" encoding="UTF-8"?>
<!-- Generated by org.testng.reporters.JUnitReportReporter -->
<testsuite hostname="Testvagrants-MacBook-Pro.local" failures="0" tests="1" name="pkg1.SampleMaven" time="0.005" errors="0" timestamp="2022-06-12T14:00:28 IST" skipped="0">
  <testcase classname="pkg1.SampleMaven" name="hii" time="0.005"/>
  <system-out/>
</testsuite> <!-- pkg1.SampleMaven -->
